[debug] [2018-06-19T06:42:39.090Z] ----------------------------------------------------------------------
[debug] [2018-06-19T06:42:39.094Z] Command:       C:\Program Files\nodejs\node.exe C:\Users\dsaper\AppData\Roaming\npm\node_modules\firebase-tools\bin\firebase deploy
[debug] [2018-06-19T06:42:39.095Z] CLI Version:   3.17.5
[debug] [2018-06-19T06:42:39.095Z] Platform:      win32
[debug] [2018-06-19T06:42:39.095Z] Node Version:  v8.9.1
[debug] [2018-06-19T06:42:39.101Z] Time:          Tue Jun 19 2018 09:42:39 GMT+0300 (Jerusalem Daylight Time)
[debug] [2018-06-19T06:42:39.101Z] ----------------------------------------------------------------------
[debug] 
[debug] [2018-06-19T06:42:39.682Z] > command requires scopes: ["email","openid","https://www.googleapis.com/auth/cloudplatformprojects.readonly","https://www.googleapis.com/auth/firebase","https://www.googleapis.com/auth/cloud-platform"]
[debug] [2018-06-19T06:42:39.683Z] > authorizing via signed-in user
[debug] [2018-06-19T06:42:39.690Z] > refreshing access token with scopes: ["email","https://www.googleapis.com/auth/cloud-platform","https://www.googleapis.com/auth/cloudplatformprojects.readonly","https://www.googleapis.com/auth/firebase","openid"]
[debug] [2018-06-19T06:42:39.691Z] >>> HTTP REQUEST POST https://www.googleapis.com/oauth2/v3/token  
 { refresh_token: '1/KjbIhIuha2DC9ed31gqt1UFkTbxe2iI97eSMRQF1smI',
  client_id: '563584335869-fgrhgmd47bqnekij5i8b5pr03ho849e6.apps.googleusercontent.com',
  client_secret: 'j9iVZfS8kkCEFUPaAeJV0sAi',
  grant_type: 'refresh_token',
  scope: 'email https://www.googleapis.com/auth/cloud-platform https://www.googleapis.com/auth/cloudplatformprojects.readonly https://www.googleapis.com/auth/firebase openid' } 
 Tue Jun 19 2018 09:42:39 GMT+0300 (Jerusalem Daylight Time)
[debug] [2018-06-19T06:42:50.358Z] <<< HTTP RESPONSE 200
[debug] [2018-06-19T06:42:50.500Z] >>> HTTP REQUEST GET https://admin.firebase.com/v1/projects/pwa-first-71a09  
  
 Tue Jun 19 2018 09:42:50 GMT+0300 (Jerusalem Daylight Time)
[debug] [2018-06-19T06:42:51.894Z] <<< HTTP RESPONSE 200
[debug] [2018-06-19T06:42:51.895Z] >>> HTTP REQUEST GET https://admin.firebase.com/v1/database/pwa-first-71a09/tokens  
  
 Tue Jun 19 2018 09:42:51 GMT+0300 (Jerusalem Daylight Time)
